<?xml version="1.0" encoding="UTF-8"?>
<!-- Generated by org.testng.reporters.JUnitReportReporter -->
<testsuite hostname="DESKTOP-6ITAQL4" failures="0" tests="2" name="demo_package.Javascriptscroll1" time="0.304" errors="0" timestamp="2024-06-26T07:38:00 IST" skipped="1">
  <testcase classname="demo_package.Javascriptscroll1" name="scrolltoviewelement" time="0.304"/>
  <system-out/>
  <testcase classname="demo_package.Javascriptscroll1" name="t1">
    <skipped/>
  </testcase> <!-- t1 -->
  <system-out/>
</testsuite> <!-- demo_package.Javascriptscroll1 -->
