<?xml version="1.0" encoding="UTF-8"?>
<!-- Generated by org.testng.reporters.JUnitReportReporter -->
<testsuite hostname="DESKTOP-6ITAQL4" failures="0" tests="1" name="demo_package.DynamicDropdown" time="2.515" errors="0" timestamp="2024-06-28T17:28:14 IST" skipped="0">
  <testcase classname="demo_package.DynamicDropdown" name="t1" time="2.515"/>
  <system-out/>
</testsuite> <!-- demo_package.DynamicDropdown -->
