<?xml version="1.0" encoding="UTF-8"?>
<!-- Generated by org.testng.reporters.JUnitReportReporter -->
<testsuite hostname="DESKTOP-6ITAQL4" failures="0" tests="1" name="demo_package.Datadriven" time="4.631" errors="0" timestamp="2024-06-27T14:34:53 IST" skipped="0">
  <testcase classname="demo_package.Datadriven" name="t1" time="4.631"/>
  <system-out/>
</testsuite> <!-- demo_package.Datadriven -->
