<?xml version="1.0" encoding="UTF-8"?>
<!-- Generated by org.testng.reporters.JUnitReportReporter -->
<testsuite hostname="DESKTOP-6ITAQL4" failures="0" tests="2" name="demo_package.AutomaticScreenshots" time="3.171" errors="0" timestamp="2024-06-26T09:40:31 IST" skipped="1">
  <testcase classname="demo_package.AutomaticScreenshots" name="screenshots" time="3.171"/>
  <system-out/>
  <testcase classname="demo_package.AutomaticScreenshots" name="practice">
    <skipped/>
  </testcase> <!-- practice -->
  <system-out/>
</testsuite> <!-- demo_package.AutomaticScreenshots -->
