<?xml version="1.0" encoding="UTF-8"?>
<!-- Generated by org.testng.reporters.JUnitReportReporter -->
<testsuite hostname="DESKTOP-6ITAQL4" failures="0" tests="4" name="demo_package.Day6" time="40.117" errors="0" timestamp="2024-06-27T17:34:54 IST" skipped="1">
  <testcase classname="demo_package.Day6" name="t1" time="16.991"/>
  <system-out/>
  <testcase classname="demo_package.Day6" name="t2" time="10.878"/>
  <system-out/>
  <testcase classname="demo_package.Day6" name="t3" time="12.248"/>
  <system-out/>
  <testcase classname="demo_package.Day6" name="guru99">
    <skipped/>
  </testcase> <!-- guru99 -->
  <system-out/>
</testsuite> <!-- demo_package.Day6 -->
