<?xml version="1.0" encoding="UTF-8"?>
<!-- Generated by org.testng.reporters.JUnitReportReporter -->
<testsuite hostname="DESKTOP-6ITAQL4" failures="0" tests="2" name="demo_package.Practice" time="7.960" errors="0" timestamp="2024-06-22T07:30:33 IST" skipped="0">
  <testcase classname="demo_package.Practice" name="t2" time="4.959"/>
  <system-out/>
  <testcase classname="demo_package.Practice" name="t1" time="3.001"/>
  <system-out/>
</testsuite> <!-- demo_package.Practice -->
