<?xml version="1.0" encoding="UTF-8"?>
<!-- Generated by org.testng.reporters.JUnitReportReporter -->
<testsuite hostname="DESKTOP-6ITAQL4" failures="0" tests="2" name="demo_package.Annotations4" time="0.027" errors="0" timestamp="2024-06-25T05:06:06 IST" skipped="0">
  <testcase classname="demo_package.Annotations4" name="t2" time="0.020"/>
  <system-out/>
  <testcase classname="demo_package.Annotations4" name="t1" time="0.007"/>
  <system-out/>
</testsuite> <!-- demo_package.Annotations4 -->
