<?xml version="1.0" encoding="UTF-8"?>
<!-- Generated by org.testng.reporters.JUnitReportReporter -->
<testsuite hostname="DESKTOP-6ITAQL4" failures="0" tests="1" name="demo_package.OrangehrmXpath" time="8.363" errors="0" timestamp="2024-06-25T09:14:50 IST" skipped="0">
  <testcase classname="demo_package.OrangehrmXpath" name="t1" time="8.363"/>
  <system-out/>
</testsuite> <!-- demo_package.OrangehrmXpath -->
