<?xml version="1.0" encoding="UTF-8"?>
<!-- Generated by org.testng.reporters.JUnitReportReporter -->
<testsuite hostname="DESKTOP-6ITAQL4" failures="0" tests="2" name="demo_package.Day5" time="21.004" errors="0" timestamp="2024-06-25T13:39:28 IST" skipped="1">
  <testcase classname="demo_package.Day5" name="t1" time="21.004"/>
  <system-out/>
  <testcase classname="demo_package.Day5" name="t2">
    <skipped/>
  </testcase> <!-- t2 -->
  <system-out/>
</testsuite> <!-- demo_package.Day5 -->
