<?xml version="1.0" encoding="UTF-8"?>
<!-- Generated by org.testng.reporters.JUnitReportReporter -->
<testsuite hostname="DESKTOP-6ITAQL4" failures="0" tests="1" name="demo_package.Windowhandels" time="4.744" errors="0" timestamp="2024-06-26T06:48:37 IST" skipped="0">
  <testcase classname="demo_package.Windowhandels" name="t1" time="4.744"/>
  <system-out/>
</testsuite> <!-- demo_package.Windowhandels -->
