<?xml version="1.0" encoding="UTF-8"?>
<!-- Generated by org.testng.reporters.JUnitReportReporter -->
<testsuite hostname="DESKTOP-6ITAQL4" failures="0" tests="1" name="demo_package.Datadriven_excel" time="4.193" errors="0" timestamp="2024-06-28T08:38:36 IST" skipped="0">
  <testcase classname="demo_package.Datadriven_excel" name="t1" time="4.193"/>
  <system-out/>
</testsuite> <!-- demo_package.Datadriven_excel -->
