<?xml version="1.0" encoding="UTF-8"?>
<!-- Generated by org.testng.reporters.JUnitReportReporter -->
<testsuite hostname="DESKTOP-6ITAQL4" failures="0" tests="1" name="demo_package.Frames1" time="10.617" errors="0" timestamp="2024-06-25T09:46:18 IST" skipped="0">
  <testcase classname="demo_package.Frames1" name="t1" time="10.617"/>
  <system-out/>
</testsuite> <!-- demo_package.Frames1 -->
