<?xml version="1.0" encoding="UTF-8"?>
<!-- Generated by org.testng.reporters.JUnitReportReporter -->
<testsuite hostname="DESKTOP-6ITAQL4" failures="0" tests="2" name="demo_package.Groups" time="0.020" errors="0" timestamp="2024-06-28T15:29:51 IST" skipped="0">
  <testcase classname="demo_package.Groups" name="t3" time="0.017"/>
  <system-out/>
  <testcase classname="demo_package.Groups" name="t4" time="0.003"/>
  <system-out/>
</testsuite> <!-- demo_package.Groups -->
