<?xml version="1.0" encoding="UTF-8"?>
<!-- Generated by org.testng.reporters.JUnitReportReporter -->
<testsuite hostname="DESKTOP-6ITAQL4" failures="0" tests="1" name="demo_package.Calenders" time="4.904" errors="0" timestamp="2024-06-28T13:51:37 IST" skipped="0">
  <testcase classname="demo_package.Calenders" name="t1" time="4.904"/>
  <system-out/>
</testsuite> <!-- demo_package.Calenders -->
