<?xml version="1.0" encoding="UTF-8"?>
<!-- Generated by org.testng.reporters.JUnitReportReporter -->
<testsuite hostname="DESKTOP-6ITAQL4" failures="0" tests="3" name="demo_package.Select4" time="0.016" errors="0" timestamp="2024-06-25T10:59:04 IST" skipped="2">
  <testcase classname="demo_package.Select4" name="assertionsSoft" time="0.016"/>
  <system-out/>
  <testcase classname="demo_package.Select4" name="assertionsHard">
    <skipped/>
  </testcase> <!-- assertionsHard -->
  <system-out/>
  <testcase classname="demo_package.Select4" name="t1">
    <skipped/>
  </testcase> <!-- t1 -->
  <system-out/>
</testsuite> <!-- demo_package.Select4 -->
