<?xml version="1.0" encoding="UTF-8"?>
<!-- Generated by org.testng.reporters.JUnitReportReporter -->
<testsuite hostname="DESKTOP-6ITAQL4" failures="0" tests="2" name="demo_package.ActionsClass" time="0.319" errors="0" timestamp="2024-06-25T05:50:51 IST" skipped="1">
  <testcase classname="demo_package.ActionsClass" name="t2" time="0.319"/>
  <system-out/>
  <testcase classname="demo_package.ActionsClass" name="t1">
    <skipped/>
  </testcase> <!-- t1 -->
  <system-out/>
</testsuite> <!-- demo_package.ActionsClass -->
