<?xml version="1.0" encoding="UTF-8"?>
<!-- Generated by org.testng.reporters.JUnitReportReporter -->
<testsuite hostname="DESKTOP-6ITAQL4" failures="0" tests="5" name="demo_package.JavascriptAndScreenshots" time="8.256" errors="0" timestamp="2024-06-26T08:46:28 IST" skipped="4">
  <testcase classname="demo_package.JavascriptAndScreenshots" name="changecolorofboardertoblackusingjavascript" time="8.256"/>
  <system-out/>
  <testcase classname="demo_package.JavascriptAndScreenshots" name="refreshusingjavascript">
    <skipped/>
  </testcase> <!-- refreshusingjavascript -->
  <system-out/>
  <testcase classname="demo_package.JavascriptAndScreenshots" name="scrolldownusingactions">
    <skipped/>
  </testcase> <!-- scrolldownusingactions -->
  <system-out/>
  <testcase classname="demo_package.JavascriptAndScreenshots" name="loginpage">
    <skipped/>
  </testcase> <!-- loginpage -->
  <system-out/>
  <testcase classname="demo_package.JavascriptAndScreenshots" name="clickusingjavascript">
    <skipped/>
  </testcase> <!-- clickusingjavascript -->
  <system-out/>
</testsuite> <!-- demo_package.JavascriptAndScreenshots -->
