<?xml version="1.0" encoding="UTF-8"?>
<!-- Generated by org.testng.reporters.JUnitReportReporter -->
<testsuite hostname="DESKTOP-6ITAQL4" failures="0" tests="3" name="demo_package.Frame" time="0.102" errors="0" timestamp="2024-06-24T17:42:54 IST" skipped="2">
  <testcase classname="demo_package.Frame" name="t3" time="0.102"/>
  <system-out/>
  <testcase classname="demo_package.Frame" name="t1">
    <skipped/>
  </testcase> <!-- t1 -->
  <system-out/>
  <testcase classname="demo_package.Frame" name="t2">
    <skipped/>
  </testcase> <!-- t2 -->
  <system-out/>
</testsuite> <!-- demo_package.Frame -->
