<?xml version="1.0" encoding="UTF-8"?>
<!-- Generated by org.testng.reporters.JUnitReportReporter -->
<testsuite hostname="DESKTOP-6ITAQL4" failures="0" tests="4" name="demo_package.Alertclass" time="3.197" errors="0" timestamp="2024-06-26T14:30:50 IST" skipped="3">
  <testcase classname="demo_package.Alertclass" name="normalalert" time="3.197"/>
  <system-out/>
  <testcase classname="demo_package.Alertclass" name="popup">
    <skipped/>
  </testcase> <!-- popup -->
  <system-out/>
  <testcase classname="demo_package.Alertclass" name="fiveminutealert">
    <skipped/>
  </testcase> <!-- fiveminutealert -->
  <system-out/>
  <testcase classname="demo_package.Alertclass" name="textalert">
    <skipped/>
  </testcase> <!-- textalert -->
  <system-out/>
</testsuite> <!-- demo_package.Alertclass -->
