<?xml version="1.0" encoding="UTF-8"?>
<!-- Generated by org.testng.reporters.JUnitReportReporter -->
<testsuite hostname="DESKTOP-6ITAQL4" failures="0" tests="1" name="demo_package.Datadrivenxl" time="1.897" errors="0" timestamp="2024-06-28T08:19:16 IST" skipped="0">
  <testcase classname="demo_package.Datadrivenxl" name="t1" time="1.897"/>
  <system-out/>
</testsuite> <!-- demo_package.Datadrivenxl -->
