<?xml version="1.0" encoding="UTF-8"?>
<!-- Generated by org.testng.reporters.JUnitReportReporter -->
<testsuite hostname="DESKTOP-6ITAQL4" failures="0" tests="2" name="demo_package.DemoClass" time="0.012" errors="0" timestamp="2024-06-20T05:20:37 IST" skipped="0">
  <testcase classname="demo_package.DemoClass" name="loginpage" time="0.011"/>
  <system-out/>
  <testcase classname="demo_package.DemoClass" name="homepage" time="0.001"/>
  <system-out/>
</testsuite> <!-- demo_package.DemoClass -->
