<?xml version="1.0" encoding="UTF-8"?>
<!-- Generated by org.testng.reporters.JUnitReportReporter -->
<testsuite hostname="DESKTOP-6ITAQL4" failures="0" tests="1" name="evaluation_package.Orangehrm" time="2.093" errors="0" timestamp="2024-06-29T12:14:25 IST" skipped="0">
  <testcase classname="evaluation_package.Orangehrm" name="loginpage" time="2.093"/>
  <system-out/>
</testsuite> <!-- evaluation_package.Orangehrm -->
