<?xml version="1.0" encoding="UTF-8"?>
<!-- Generated by org.testng.reporters.JUnitReportReporter -->
<testsuite hostname="DESKTOP-6ITAQL4" failures="0" tests="4" name="demo_package.Evaluation" time="2.912" errors="0" timestamp="2024-06-27T18:31:35 IST" skipped="2">
  <testcase classname="demo_package.Evaluation" name="t1" time="1.953"/>
  <system-out/>
  <testcase classname="demo_package.Evaluation" name="t3" time="0.959"/>
  <system-out/>
  <testcase classname="demo_package.Evaluation" name="t2">
    <skipped/>
  </testcase> <!-- t2 -->
  <system-out/>
  <testcase classname="demo_package.Evaluation" name="t4">
    <skipped/>
  </testcase> <!-- t4 -->
  <system-out/>
</testsuite> <!-- demo_package.Evaluation -->
