<?xml version="1.0" encoding="UTF-8"?>
<!-- Generated by org.testng.reporters.JUnitReportReporter -->
<testsuite hostname="DESKTOP-6ITAQL4" failures="0" tests="1" name="demo_package.Brokenlinks" time="11.137" errors="0" timestamp="2024-06-27T13:31:37 IST" skipped="0">
  <testcase classname="demo_package.Brokenlinks" name="t1" time="11.137"/>
  <system-out/>
</testsuite> <!-- demo_package.Brokenlinks -->
